Analysis & Synthesis report for Divider
Mon Jun 10 11:07:10 2024
Quartus Prime Version 20.1.0 Build 711 06/05/2020 SJ Lite Edition


---------------------
; Table of Contents ;
---------------------
  1. Legal Notice
  2. Analysis & Synthesis Summary
  3. Analysis & Synthesis Settings
  4. Parallel Compilation
  5. Analysis & Synthesis Source Files Read
  6. Analysis & Synthesis Resource Usage Summary
  7. Analysis & Synthesis Resource Utilization by Entity
  8. State Machine - |Divider|Divider_Controller:Controller|state
  9. General Register Statistics
 10. Multiplexer Restructuring Statistics (Restructuring Performed)
 11. Parameter Settings for User Entity Instance: Divider_Datapath:Datapath|register:Q
 12. Parameter Settings for User Entity Instance: Divider_Datapath:Datapath|register:A
 13. Parameter Settings for User Entity Instance: Divider_Datapath:Datapath|register:M
 14. Parameter Settings for User Entity Instance: Divider_Datapath:Datapath|shifter:shift
 15. Parameter Settings for User Entity Instance: Divider_Datapath:Datapath|subtractor:sub
 16. Parameter Settings for User Entity Instance: Divider_Controller:Controller
 17. Port Connectivity Checks: "Divider_Controller:Controller|modu8cnt:counter"
 18. Port Connectivity Checks: "Divider_Datapath:Datapath|register:M"
 19. Port Connectivity Checks: "Divider_Datapath:Datapath|register:A"
 20. Port Connectivity Checks: "Divider_Datapath:Datapath|register:Q"
 21. Post-Synthesis Netlist Statistics for Top Partition
 22. Elapsed Time Per Partition
 23. Analysis & Synthesis Messages



----------------
; Legal Notice ;
----------------
Copyright (C) 2020  Intel Corporation. All rights reserved.
Your use of Intel Corporation's design tools, logic functions 
and other software and tools, and any partner logic 
functions, and any output files from any of the foregoing 
(including device programming or simulation files), and any 
associated documentation or information are expressly subject 
to the terms and conditions of the Intel Program License 
Subscription Agreement, the Intel Quartus Prime License Agreement,
the Intel FPGA IP License Agreement, or other applicable license
agreement, including, without limitation, that your use is for
the sole purpose of programming logic devices manufactured by
Intel and sold by Intel or its authorized distributors.  Please
refer to the applicable agreement for further details, at
https://fpgasoftware.intel.com/eula.



+----------------------------------------------------------------------------------+
; Analysis & Synthesis Summary                                                     ;
+------------------------------------+---------------------------------------------+
; Analysis & Synthesis Status        ; Successful - Mon Jun 10 11:07:10 2024       ;
; Quartus Prime Version              ; 20.1.0 Build 711 06/05/2020 SJ Lite Edition ;
; Revision Name                      ; Divider                                     ;
; Top-level Entity Name              ; Divider                                     ;
; Family                             ; Cyclone IV E                                ;
; Total logic elements               ; 43                                          ;
;     Total combinational functions  ; 35                                          ;
;     Dedicated logic registers      ; 31                                          ;
; Total registers                    ; 31                                          ;
; Total pins                         ; 36                                          ;
; Total virtual pins                 ; 0                                           ;
; Total memory bits                  ; 0                                           ;
; Embedded Multiplier 9-bit elements ; 0                                           ;
; Total PLLs                         ; 0                                           ;
+------------------------------------+---------------------------------------------+


+------------------------------------------------------------------------------------------------------------+
; Analysis & Synthesis Settings                                                                              ;
+------------------------------------------------------------------+--------------------+--------------------+
; Option                                                           ; Setting            ; Default Value      ;
+------------------------------------------------------------------+--------------------+--------------------+
; Device                                                           ; EP4CE6E22A7        ;                    ;
; Top-level entity name                                            ; Divider            ; Divider            ;
; Family name                                                      ; Cyclone IV E       ; Cyclone V          ;
; Use smart compilation                                            ; Off                ; Off                ;
; Enable parallel Assembler and Timing Analyzer during compilation ; On                 ; On                 ;
; Enable compact report table                                      ; Off                ; Off                ;
; Restructure Multiplexers                                         ; Auto               ; Auto               ;
; Create Debugging Nodes for IP Cores                              ; Off                ; Off                ;
; Preserve fewer node names                                        ; On                 ; On                 ;
; Intel FPGA IP Evaluation Mode                                    ; Enable             ; Enable             ;
; Verilog Version                                                  ; Verilog_2001       ; Verilog_2001       ;
; VHDL Version                                                     ; VHDL_1993          ; VHDL_1993          ;
; State Machine Processing                                         ; Auto               ; Auto               ;
; Safe State Machine                                               ; Off                ; Off                ;
; Extract Verilog State Machines                                   ; On                 ; On                 ;
; Extract VHDL State Machines                                      ; On                 ; On                 ;
; Ignore Verilog initial constructs                                ; Off                ; Off                ;
; Iteration limit for constant Verilog loops                       ; 5000               ; 5000               ;
; Iteration limit for non-constant Verilog loops                   ; 250                ; 250                ;
; Add Pass-Through Logic to Inferred RAMs                          ; On                 ; On                 ;
; Infer RAMs from Raw Logic                                        ; On                 ; On                 ;
; Parallel Synthesis                                               ; On                 ; On                 ;
; DSP Block Balancing                                              ; Auto               ; Auto               ;
; NOT Gate Push-Back                                               ; On                 ; On                 ;
; Power-Up Don't Care                                              ; On                 ; On                 ;
; Remove Redundant Logic Cells                                     ; Off                ; Off                ;
; Remove Duplicate Registers                                       ; On                 ; On                 ;
; Ignore CARRY Buffers                                             ; Off                ; Off                ;
; Ignore CASCADE Buffers                                           ; Off                ; Off                ;
; Ignore GLOBAL Buffers                                            ; Off                ; Off                ;
; Ignore ROW GLOBAL Buffers                                        ; Off                ; Off                ;
; Ignore LCELL Buffers                                             ; Off                ; Off                ;
; Ignore SOFT Buffers                                              ; On                 ; On                 ;
; Limit AHDL Integers to 32 Bits                                   ; Off                ; Off                ;
; Optimization Technique                                           ; Balanced           ; Balanced           ;
; Carry Chain Length                                               ; 70                 ; 70                 ;
; Auto Carry Chains                                                ; On                 ; On                 ;
; Auto Open-Drain Pins                                             ; On                 ; On                 ;
; Perform WYSIWYG Primitive Resynthesis                            ; Off                ; Off                ;
; Auto ROM Replacement                                             ; On                 ; On                 ;
; Auto RAM Replacement                                             ; On                 ; On                 ;
; Auto DSP Block Replacement                                       ; On                 ; On                 ;
; Auto Shift Register Replacement                                  ; Auto               ; Auto               ;
; Allow Shift Register Merging across Hierarchies                  ; Auto               ; Auto               ;
; Auto Clock Enable Replacement                                    ; On                 ; On                 ;
; Strict RAM Replacement                                           ; Off                ; Off                ;
; Allow Synchronous Control Signals                                ; On                 ; On                 ;
; Force Use of Synchronous Clear Signals                           ; Off                ; Off                ;
; Auto RAM Block Balancing                                         ; On                 ; On                 ;
; Auto RAM to Logic Cell Conversion                                ; Off                ; Off                ;
; Auto Resource Sharing                                            ; Off                ; Off                ;
; Allow Any RAM Size For Recognition                               ; Off                ; Off                ;
; Allow Any ROM Size For Recognition                               ; Off                ; Off                ;
; Allow Any Shift Register Size For Recognition                    ; Off                ; Off                ;
; Use LogicLock Constraints during Resource Balancing              ; On                 ; On                 ;
; Ignore translate_off and synthesis_off directives                ; Off                ; Off                ;
; Timing-Driven Synthesis                                          ; On                 ; On                 ;
; Report Parameter Settings                                        ; On                 ; On                 ;
; Report Source Assignments                                        ; On                 ; On                 ;
; Report Connectivity Checks                                       ; On                 ; On                 ;
; Ignore Maximum Fan-Out Assignments                               ; Off                ; Off                ;
; Synchronization Register Chain Length                            ; 2                  ; 2                  ;
; Power Optimization During Synthesis                              ; Normal compilation ; Normal compilation ;
; HDL message level                                                ; Level2             ; Level2             ;
; Suppress Register Optimization Related Messages                  ; Off                ; Off                ;
; Number of Removed Registers Reported in Synthesis Report         ; 5000               ; 5000               ;
; Number of Swept Nodes Reported in Synthesis Report               ; 5000               ; 5000               ;
; Number of Inverted Registers Reported in Synthesis Report        ; 100                ; 100                ;
; Clock MUX Protection                                             ; On                 ; On                 ;
; Auto Gated Clock Conversion                                      ; Off                ; Off                ;
; Block Design Naming                                              ; Auto               ; Auto               ;
; SDC constraint protection                                        ; Off                ; Off                ;
; Synthesis Effort                                                 ; Auto               ; Auto               ;
; Shift Register Replacement - Allow Asynchronous Clear Signal     ; On                 ; On                 ;
; Pre-Mapping Resynthesis Optimization                             ; Off                ; Off                ;
; Analysis & Synthesis Message Level                               ; Medium             ; Medium             ;
; Disable Register Merging Across Hierarchies                      ; Auto               ; Auto               ;
; Resource Aware Inference For Block RAM                           ; On                 ; On                 ;
+------------------------------------------------------------------+--------------------+--------------------+


+------------------------------------------+
; Parallel Compilation                     ;
+----------------------------+-------------+
; Processors                 ; Number      ;
+----------------------------+-------------+
; Number detected on machine ; 4           ;
; Maximum allowed            ; 2           ;
;                            ;             ;
; Average used               ; 1.00        ;
; Maximum used               ; 2           ;
;                            ;             ;
; Usage by Processor         ; % Time Used ;
;     Processor 1            ; 100.0%      ;
;     Processor 2            ;   0.0%      ;
+----------------------------+-------------+


+--------------------------------------------------------------------------------------------------------------------------------------------------------+
; Analysis & Synthesis Source Files Read                                                                                                                 ;
+----------------------------------+-----------------+------------------------------+----------------------------------------------------------+---------+
; File Name with User-Entered Path ; Used in Netlist ; File Type                    ; File Name with Absolute Path                             ; Library ;
+----------------------------------+-----------------+------------------------------+----------------------------------------------------------+---------+
; Divider.sv                       ; yes             ; User SystemVerilog HDL File  ; D:/DigitalSystemsProjects/CA5/Quartus/Full/Divider.sv    ;         ;
; Datapath.sv                      ; yes             ; User SystemVerilog HDL File  ; D:/DigitalSystemsProjects/CA5/Quartus/Full/Datapath.sv   ;         ;
; Controller.sv                    ; yes             ; User SystemVerilog HDL File  ; D:/DigitalSystemsProjects/CA5/Quartus/Full/Controller.sv ;         ;
+----------------------------------+-----------------+------------------------------+----------------------------------------------------------+---------+


+----------------------------------------------------------------------------------------+
; Analysis & Synthesis Resource Usage Summary                                            ;
+---------------------------------------------+------------------------------------------+
; Resource                                    ; Usage                                    ;
+---------------------------------------------+------------------------------------------+
; Estimated Total logic elements              ; 43                                       ;
;                                             ;                                          ;
; Total combinational functions               ; 35                                       ;
; Logic element usage by number of LUT inputs ;                                          ;
;     -- 4 input functions                    ; 9                                        ;
;     -- 3 input functions                    ; 19                                       ;
;     -- <=2 input functions                  ; 7                                        ;
;                                             ;                                          ;
; Logic elements by mode                      ;                                          ;
;     -- normal mode                          ; 28                                       ;
;     -- arithmetic mode                      ; 7                                        ;
;                                             ;                                          ;
; Total registers                             ; 31                                       ;
;     -- Dedicated logic registers            ; 31                                       ;
;     -- I/O registers                        ; 0                                        ;
;                                             ;                                          ;
; I/O pins                                    ; 36                                       ;
;                                             ;                                          ;
; Embedded Multiplier 9-bit elements          ; 0                                        ;
;                                             ;                                          ;
; Maximum fan-out node                        ; Divider_Controller:Controller|state.Load ;
; Maximum fan-out                             ; 31                                       ;
; Total fan-out                               ; 290                                      ;
; Average fan-out                             ; 2.10                                     ;
+---------------------------------------------+------------------------------------------+


+-------------------------------------------------------------------------------------------------------------------------------------------------------------------------------------------------------------------------------------------------------------+
; Analysis & Synthesis Resource Utilization by Entity                                                                                                                                                                                                         ;
+------------------------------------+---------------------+---------------------------+-------------+--------------+---------+-----------+------+--------------+---------------------------------------------------------+--------------------+--------------+
; Compilation Hierarchy Node         ; Combinational ALUTs ; Dedicated Logic Registers ; Memory Bits ; DSP Elements ; DSP 9x9 ; DSP 18x18 ; Pins ; Virtual Pins ; Full Hierarchy Name                                     ; Entity Name        ; Library Name ;
+------------------------------------+---------------------+---------------------------+-------------+--------------+---------+-----------+------+--------------+---------------------------------------------------------+--------------------+--------------+
; |Divider                           ; 35 (0)              ; 31 (0)                    ; 0           ; 0            ; 0       ; 0         ; 36   ; 0            ; |Divider                                                ; Divider            ; work         ;
;    |Divider_Controller:Controller| ; 10 (7)              ; 7 (4)                     ; 0           ; 0            ; 0       ; 0         ; 0    ; 0            ; |Divider|Divider_Controller:Controller                  ; Divider_Controller ; work         ;
;       |modu8cnt:counter|           ; 3 (3)               ; 3 (3)                     ; 0           ; 0            ; 0       ; 0         ; 0    ; 0            ; |Divider|Divider_Controller:Controller|modu8cnt:counter ; modu8cnt           ; work         ;
;    |Divider_Datapath:Datapath|     ; 25 (0)              ; 24 (0)                    ; 0           ; 0            ; 0       ; 0         ; 0    ; 0            ; |Divider|Divider_Datapath:Datapath                      ; Divider_Datapath   ; work         ;
;       |register:A|                 ; 8 (8)               ; 8 (8)                     ; 0           ; 0            ; 0       ; 0         ; 0    ; 0            ; |Divider|Divider_Datapath:Datapath|register:A           ; register           ; work         ;
;       |register:M|                 ; 0 (0)               ; 8 (8)                     ; 0           ; 0            ; 0       ; 0         ; 0    ; 0            ; |Divider|Divider_Datapath:Datapath|register:M           ; register           ; work         ;
;       |register:Q|                 ; 9 (9)               ; 8 (8)                     ; 0           ; 0            ; 0       ; 0         ; 0    ; 0            ; |Divider|Divider_Datapath:Datapath|register:Q           ; register           ; work         ;
;       |subtractor:sub|             ; 8 (8)               ; 0 (0)                     ; 0           ; 0            ; 0       ; 0         ; 0    ; 0            ; |Divider|Divider_Datapath:Datapath|subtractor:sub       ; subtractor         ; work         ;
+------------------------------------+---------------------+---------------------------+-------------+--------------+---------+-----------+------+--------------+---------------------------------------------------------+--------------------+--------------+
Note: For table entries with two numbers listed, the numbers in parentheses indicate the number of resources of the given type used by the specific entity alone. The numbers listed outside of parentheses indicate the total resources of the given type used by the specific entity and all of its sub-entities in the hierarchy.


Encoding Type:  One-Hot
+-----------------------------------------------------------------+
; State Machine - |Divider|Divider_Controller:Controller|state    ;
+-------------+------------+-------------+------------+-----------+
; Name        ; state.Idle ; state.Start ; state.Load ; state.SSR ;
+-------------+------------+-------------+------------+-----------+
; state.Idle  ; 0          ; 0           ; 0          ; 0         ;
; state.Load  ; 1          ; 0           ; 1          ; 0         ;
; state.Start ; 1          ; 1           ; 0          ; 0         ;
; state.SSR   ; 1          ; 0           ; 0          ; 1         ;
+-------------+------------+-------------+------------+-----------+


+------------------------------------------------------+
; General Register Statistics                          ;
+----------------------------------------------+-------+
; Statistic                                    ; Value ;
+----------------------------------------------+-------+
; Total registers                              ; 31    ;
; Number of registers using Synchronous Clear  ; 10    ;
; Number of registers using Synchronous Load   ; 0     ;
; Number of registers using Asynchronous Clear ; 31    ;
; Number of registers using Asynchronous Load  ; 0     ;
; Number of registers using Clock Enable       ; 27    ;
; Number of registers using Preset             ; 0     ;
+----------------------------------------------+-------+


+----------------------------------------------------------------------------------------------------------------------------------------------------------------------------+
; Multiplexer Restructuring Statistics (Restructuring Performed)                                                                                                             ;
+--------------------+-----------+---------------+----------------------+------------------------+------------+--------------------------------------------------------------+
; Multiplexer Inputs ; Bus Width ; Baseline Area ; Area if Restructured ; Saving if Restructured ; Registered ; Example Multiplexer Output                                   ;
+--------------------+-----------+---------------+----------------------+------------------------+------------+--------------------------------------------------------------+
; 3:1                ; 3 bits    ; 6 LEs         ; 3 LEs                ; 3 LEs                  ; Yes        ; |Divider|Divider_Controller:Controller|modu8cnt:counter|Q[2] ;
; 3:1                ; 8 bits    ; 16 LEs        ; 8 LEs                ; 8 LEs                  ; Yes        ; |Divider|Divider_Datapath:Datapath|register:Q|Q[0]           ;
; 4:1                ; 8 bits    ; 16 LEs        ; 16 LEs               ; 0 LEs                  ; Yes        ; |Divider|Divider_Datapath:Datapath|register:A|Q[0]           ;
+--------------------+-----------+---------------+----------------------+------------------------+------------+--------------------------------------------------------------+


+-----------------------------------------------------------------------------------+
; Parameter Settings for User Entity Instance: Divider_Datapath:Datapath|register:Q ;
+----------------+-------+----------------------------------------------------------+
; Parameter Name ; Value ; Type                                                     ;
+----------------+-------+----------------------------------------------------------+
; SIZE           ; 8     ; Signed Integer                                           ;
+----------------+-------+----------------------------------------------------------+
Note: In order to hide this table in the UI and the text report file, please set the "Show Parameter Settings in Synthesis Report" option in "Analysis and Synthesis Settings -> More Settings" to "Off".


+-----------------------------------------------------------------------------------+
; Parameter Settings for User Entity Instance: Divider_Datapath:Datapath|register:A ;
+----------------+-------+----------------------------------------------------------+
; Parameter Name ; Value ; Type                                                     ;
+----------------+-------+----------------------------------------------------------+
; SIZE           ; 8     ; Signed Integer                                           ;
+----------------+-------+----------------------------------------------------------+
Note: In order to hide this table in the UI and the text report file, please set the "Show Parameter Settings in Synthesis Report" option in "Analysis and Synthesis Settings -> More Settings" to "Off".


+-----------------------------------------------------------------------------------+
; Parameter Settings for User Entity Instance: Divider_Datapath:Datapath|register:M ;
+----------------+-------+----------------------------------------------------------+
; Parameter Name ; Value ; Type                                                     ;
+----------------+-------+----------------------------------------------------------+
; SIZE           ; 8     ; Signed Integer                                           ;
+----------------+-------+----------------------------------------------------------+
Note: In order to hide this table in the UI and the text report file, please set the "Show Parameter Settings in Synthesis Report" option in "Analysis and Synthesis Settings -> More Settings" to "Off".


+--------------------------------------------------------------------------------------+
; Parameter Settings for User Entity Instance: Divider_Datapath:Datapath|shifter:shift ;
+----------------+-------+-------------------------------------------------------------+
; Parameter Name ; Value ; Type                                                        ;
+----------------+-------+-------------------------------------------------------------+
; SIZE           ; 8     ; Signed Integer                                              ;
+----------------+-------+-------------------------------------------------------------+
Note: In order to hide this table in the UI and the text report file, please set the "Show Parameter Settings in Synthesis Report" option in "Analysis and Synthesis Settings -> More Settings" to "Off".


+---------------------------------------------------------------------------------------+
; Parameter Settings for User Entity Instance: Divider_Datapath:Datapath|subtractor:sub ;
+----------------+-------+--------------------------------------------------------------+
; Parameter Name ; Value ; Type                                                         ;
+----------------+-------+--------------------------------------------------------------+
; SIZE           ; 8     ; Signed Integer                                               ;
+----------------+-------+--------------------------------------------------------------+
Note: In order to hide this table in the UI and the text report file, please set the "Show Parameter Settings in Synthesis Report" option in "Analysis and Synthesis Settings -> More Settings" to "Off".


+----------------------------------------------------------------------------+
; Parameter Settings for User Entity Instance: Divider_Controller:Controller ;
+----------------+-------+---------------------------------------------------+
; Parameter Name ; Value ; Type                                              ;
+----------------+-------+---------------------------------------------------+
; Idle           ; 1000  ; Unsigned Binary                                   ;
; Start          ; 0100  ; Unsigned Binary                                   ;
; Load           ; 0010  ; Unsigned Binary                                   ;
; SSR            ; 0001  ; Unsigned Binary                                   ;
+----------------+-------+---------------------------------------------------+
Note: In order to hide this table in the UI and the text report file, please set the "Show Parameter Settings in Synthesis Report" option in "Analysis and Synthesis Settings -> More Settings" to "Off".


+----------------------------------------------------------------------------------------------------------------+
; Port Connectivity Checks: "Divider_Controller:Controller|modu8cnt:counter"                                     ;
+------+--------+----------+-------------------------------------------------------------------------------------+
; Port ; Type   ; Severity ; Details                                                                             ;
+------+--------+----------+-------------------------------------------------------------------------------------+
; Q    ; Output ; Info     ; Connected to dangling logic. Logic that only feeds a dangling port will be removed. ;
+------+--------+----------+-------------------------------------------------------------------------------------+


+----------------------------------------------------------------------------------------------------------------+
; Port Connectivity Checks: "Divider_Datapath:Datapath|register:M"                                               ;
+------+--------+----------+-------------------------------------------------------------------------------------+
; Port ; Type   ; Severity ; Details                                                                             ;
+------+--------+----------+-------------------------------------------------------------------------------------+
; si   ; Input  ; Info     ; Stuck at GND                                                                        ;
; shE  ; Input  ; Info     ; Stuck at GND                                                                        ;
; init ; Input  ; Info     ; Stuck at GND                                                                        ;
; so   ; Output ; Info     ; Connected to dangling logic. Logic that only feeds a dangling port will be removed. ;
+------+--------+----------+-------------------------------------------------------------------------------------+


+----------------------------------------------------------------------------------------------------------------+
; Port Connectivity Checks: "Divider_Datapath:Datapath|register:A"                                               ;
+------+--------+----------+-------------------------------------------------------------------------------------+
; Port ; Type   ; Severity ; Details                                                                             ;
+------+--------+----------+-------------------------------------------------------------------------------------+
; so   ; Output ; Info     ; Connected to dangling logic. Logic that only feeds a dangling port will be removed. ;
+------+--------+----------+-------------------------------------------------------------------------------------+


+------------------------------------------------------------------+
; Port Connectivity Checks: "Divider_Datapath:Datapath|register:Q" ;
+------+-------+----------+----------------------------------------+
; Port ; Type  ; Severity ; Details                                ;
+------+-------+----------+----------------------------------------+
; init ; Input ; Info     ; Stuck at GND                           ;
+------+-------+----------+----------------------------------------+


+-----------------------------------------------------+
; Post-Synthesis Netlist Statistics for Top Partition ;
+-----------------------+-----------------------------+
; Type                  ; Count                       ;
+-----------------------+-----------------------------+
; boundary_port         ; 36                          ;
; cycloneiii_ff         ; 31                          ;
;     CLR               ; 4                           ;
;     ENA CLR           ; 17                          ;
;     ENA CLR SCLR      ; 10                          ;
; cycloneiii_lcell_comb ; 36                          ;
;     arith             ; 7                           ;
;         3 data inputs ; 7                           ;
;     normal            ; 29                          ;
;         1 data inputs ; 1                           ;
;         2 data inputs ; 7                           ;
;         3 data inputs ; 12                          ;
;         4 data inputs ; 9                           ;
;                       ;                             ;
; Max LUT depth         ; 2.70                        ;
; Average LUT depth     ; 1.61                        ;
+-----------------------+-----------------------------+


+-------------------------------+
; Elapsed Time Per Partition    ;
+----------------+--------------+
; Partition Name ; Elapsed Time ;
+----------------+--------------+
; Top            ; 00:00:00     ;
+----------------+--------------+


+-------------------------------+
; Analysis & Synthesis Messages ;
+-------------------------------+
Info: *******************************************************************
Info: Running Quartus Prime Analysis & Synthesis
    Info: Version 20.1.0 Build 711 06/05/2020 SJ Lite Edition
    Info: Processing started: Mon Jun 10 11:06:56 2024
Info: Command: quartus_map --read_settings_files=on --write_settings_files=off Divider -c Divider
Warning (18236): Number of processors has not been specified which may cause overloading on shared machines.  Set the global assignment NUM_PARALLEL_PROCESSORS in your QSF to an appropriate value for best performance.
Info (20030): Parallel compilation is enabled and will use 2 of the 2 processors detected
Info (12021): Found 1 design units, including 1 entities, in source file divider.sv
    Info (12023): Found entity 1: Divider File: D:/DigitalSystemsProjects/CA5/Quartus/Full/Divider.sv Line: 3
Info (12021): Found 4 design units, including 4 entities, in source file datapath.sv
    Info (12023): Found entity 1: register File: D:/DigitalSystemsProjects/CA5/Quartus/Full/Datapath.sv Line: 3
    Info (12023): Found entity 2: shifter File: D:/DigitalSystemsProjects/CA5/Quartus/Full/Datapath.sv Line: 19
    Info (12023): Found entity 3: subtractor File: D:/DigitalSystemsProjects/CA5/Quartus/Full/Datapath.sv Line: 23
    Info (12023): Found entity 4: Divider_Datapath File: D:/DigitalSystemsProjects/CA5/Quartus/Full/Datapath.sv Line: 28
Info (12021): Found 2 design units, including 2 entities, in source file controller.sv
    Info (12023): Found entity 1: modu8cnt File: D:/DigitalSystemsProjects/CA5/Quartus/Full/Controller.sv Line: 3
    Info (12023): Found entity 2: Divider_Controller File: D:/DigitalSystemsProjects/CA5/Quartus/Full/Controller.sv Line: 17
Info (12127): Elaborating entity "Divider" for the top level hierarchy
Info (12128): Elaborating entity "Divider_Datapath" for hierarchy "Divider_Datapath:Datapath" File: D:/DigitalSystemsProjects/CA5/Quartus/Full/Divider.sv Line: 7
Info (12128): Elaborating entity "register" for hierarchy "Divider_Datapath:Datapath|register:Q" File: D:/DigitalSystemsProjects/CA5/Quartus/Full/Datapath.sv Line: 33
Info (12128): Elaborating entity "shifter" for hierarchy "Divider_Datapath:Datapath|shifter:shift" File: D:/DigitalSystemsProjects/CA5/Quartus/Full/Datapath.sv Line: 45
Info (12128): Elaborating entity "subtractor" for hierarchy "Divider_Datapath:Datapath|subtractor:sub" File: D:/DigitalSystemsProjects/CA5/Quartus/Full/Datapath.sv Line: 47
Info (12128): Elaborating entity "Divider_Controller" for hierarchy "Divider_Controller:Controller" File: D:/DigitalSystemsProjects/CA5/Quartus/Full/Divider.sv Line: 9
Info (12128): Elaborating entity "modu8cnt" for hierarchy "Divider_Controller:Controller|modu8cnt:counter" File: D:/DigitalSystemsProjects/CA5/Quartus/Full/Controller.sv Line: 22
Warning (10230): Verilog HDL assignment warning at Controller.sv(9): truncated value with size 8 to match size of target (3) File: D:/DigitalSystemsProjects/CA5/Quartus/Full/Controller.sv Line: 9
Info (286030): Timing-Driven Synthesis is running
Info (16010): Generating hard_block partition "hard_block:auto_generated_inst"
    Info (16011): Adding 0 node(s), including 0 DDIO, 0 PLL, 0 transceiver and 0 LCELL
Info (21057): Implemented 79 device resources after synthesis - the final resource count might be different
    Info (21058): Implemented 19 input pins
    Info (21059): Implemented 17 output pins
    Info (21061): Implemented 43 logic cells
Info: Quartus Prime Analysis & Synthesis was successful. 0 errors, 2 warnings
    Info: Peak virtual memory: 4745 megabytes
    Info: Processing ended: Mon Jun 10 11:07:10 2024
    Info: Elapsed time: 00:00:14
    Info: Total CPU time (on all processors): 00:00:27


